2025-03-29 00:24:44,281 - __main__ - INFO - Бот запущен
2025-03-29 00:24:44,565 - httpx - INFO - HTTP Request: POST https://api.telegram.org/bot8089566253:AAGJSzNBhjgoEK5ZolkgIqH8a8Q99iPuu44/getMe "HTTP/1.1 200 OK"
2025-03-29 00:24:44,636 - httpx - INFO - HTTP Request: POST https://api.telegram.org/bot8089566253:AAGJSzNBhjgoEK5ZolkgIqH8a8Q99iPuu44/deleteWebhook "HTTP/1.1 200 OK"
2025-03-29 00:24:44,636 - telegram.ext.Application - INFO - Application started
2025-03-29 00:24:54,832 - httpx - INFO - HTTP Request: POST https://api.telegram.org/bot8089566253:AAGJSzNBhjgoEK5ZolkgIqH8a8Q99iPuu44/getUpdates "HTTP/1.1 200 OK"
2025-03-29 00:24:57,515 - httpx - INFO - HTTP Request: POST https://api.telegram.org/bot8089566253:AAGJSzNBhjgoEK5ZolkgIqH8a8Q99iPuu44/getUpdates "HTTP/1.1 200 OK"
2025-03-29 00:24:57,516 - __main__ - INFO - Новое сообщение от 1723940503: z utq
2025-03-29 00:24:57,769 - httpx - INFO - HTTP Request: POST https://api.telegram.org/bot8089566253:AAGJSzNBhjgoEK5ZolkgIqH8a8Q99iPuu44/sendMessage "HTTP/1.1 200 OK"
2025-03-29 00:24:57,857 - httpx - INFO - HTTP Request: POST https://api.telegram.org/bot8089566253:AAGJSzNBhjgoEK5ZolkgIqH8a8Q99iPuu44/deleteMessage "HTTP/1.1 200 OK"
2025-03-29 00:24:57,922 - httpx - INFO - HTTP Request: POST https://api.telegram.org/bot8089566253:AAGJSzNBhjgoEK5ZolkgIqH8a8Q99iPuu44/sendMessage "HTTP/1.1 400 Bad Request"
2025-03-29 00:24:57,923 - __main__ - ERROR - Ошибка Telegram: Group migrated to supergroup. New chat id: -1002514617765
2025-03-29 00:24:58,015 - httpx - INFO - HTTP Request: POST https://api.telegram.org/bot8089566253:AAGJSzNBhjgoEK5ZolkgIqH8a8Q99iPuu44/sendMessage "HTTP/1.1 200 OK"
2025-03-29 00:25:01,359 - httpx - INFO - HTTP Request: POST https://api.telegram.org/bot8089566253:AAGJSzNBhjgoEK5ZolkgIqH8a8Q99iPuu44/getUpdates "HTTP/1.1 200 OK"
2025-03-29 00:25:01,361 - __main__ - INFO - Новое сообщение от 1723940503: я гей я пидор
2025-03-29 00:25:01,549 - httpx - INFO - HTTP Request: POST https://api.telegram.org/bot8089566253:AAGJSzNBhjgoEK5ZolkgIqH8a8Q99iPuu44/sendMessage "HTTP/1.1 200 OK"
2025-03-29 00:25:01,704 - httpx - INFO - HTTP Request: POST https://api.telegram.org/bot8089566253:AAGJSzNBhjgoEK5ZolkgIqH8a8Q99iPuu44/deleteMessage "HTTP/1.1 200 OK"
2025-03-29 00:25:01,767 - httpx - INFO - HTTP Request: POST https://api.telegram.org/bot8089566253:AAGJSzNBhjgoEK5ZolkgIqH8a8Q99iPuu44/sendMessage "HTTP/1.1 400 Bad Request"
2025-03-29 00:25:01,768 - __main__ - ERROR - Ошибка Telegram: Group migrated to supergroup. New chat id: -1002514617765
2025-03-29 00:25:01,935 - httpx - INFO - HTTP Request: POST https://api.telegram.org/bot8089566253:AAGJSzNBhjgoEK5ZolkgIqH8a8Q99iPuu44/sendMessage "HTTP/1.1 200 OK"
2025-03-29 00:25:11,433 - httpx - INFO - HTTP Request: POST https://api.telegram.org/bot8089566253:AAGJSzNBhjgoEK5ZolkgIqH8a8Q99iPuu44/getUpdates "HTTP/1.1 200 OK"
2025-03-29 00:25:21,495 - httpx - INFO - HTTP Request: POST https://api.telegram.org/bot8089566253:AAGJSzNBhjgoEK5ZolkgIqH8a8Q99iPuu44/getUpdates "HTTP/1.1 200 OK"
2025-03-29 00:25:31,558 - httpx - INFO - HTTP Request: POST https://api.telegram.org/bot8089566253:AAGJSzNBhjgoEK5ZolkgIqH8a8Q99iPuu44/getUpdates "HTTP/1.1 200 OK"
2025-03-29 00:25:41,635 - httpx - INFO - HTTP Request: POST https://api.telegram.org/bot8089566253:AAGJSzNBhjgoEK5ZolkgIqH8a8Q99iPuu44/getUpdates "HTTP/1.1 200 OK"
2025-03-29 00:25:51,706 - httpx - INFO - HTTP Request: POST https://api.telegram.org/bot8089566253:AAGJSzNBhjgoEK5ZolkgIqH8a8Q99iPuu44/getUpdates "HTTP/1.1 200 OK"
2025-03-29 00:26:01,767 - httpx - INFO - HTTP Request: POST https://api.telegram.org/bot8089566253:AAGJSzNBhjgoEK5ZolkgIqH8a8Q99iPuu44/getUpdates "HTTP/1.1 200 OK"
2025-03-29 00:26:11,827 - httpx - INFO - HTTP Request: POST https://api.telegram.org/bot8089566253:AAGJSzNBhjgoEK5ZolkgIqH8a8Q99iPuu44/getUpdates "HTTP/1.1 200 OK"
2025-03-29 00:26:21,911 - httpx - INFO - HTTP Request: POST https://api.telegram.org/bot8089566253:AAGJSzNBhjgoEK5ZolkgIqH8a8Q99iPuu44/getUpdates "HTTP/1.1 200 OK"
2025-03-29 00:26:31,971 - httpx - INFO - HTTP Request: POST https://api.telegram.org/bot8089566253:AAGJSzNBhjgoEK5ZolkgIqH8a8Q99iPuu44/getUpdates "HTTP/1.1 200 OK"
2025-03-29 00:26:42,035 - httpx - INFO - HTTP Request: POST https://api.telegram.org/bot8089566253:AAGJSzNBhjgoEK5ZolkgIqH8a8Q99iPuu44/getUpdates "HTTP/1.1 200 OK"
2025-03-29 00:27:23,942 - __main__ - INFO - Бот запущен
2025-03-29 00:27:24,209 - httpx - INFO - HTTP Request: POST https://api.telegram.org/bot8089566253:AAGJSzNBhjgoEK5ZolkgIqH8a8Q99iPuu44/getMe "HTTP/1.1 200 OK"
2025-03-29 00:27:24,278 - httpx - INFO - HTTP Request: POST https://api.telegram.org/bot8089566253:AAGJSzNBhjgoEK5ZolkgIqH8a8Q99iPuu44/deleteWebhook "HTTP/1.1 200 OK"
2025-03-29 00:27:24,279 - telegram.ext.Application - INFO - Application started
2025-03-29 00:27:24,473 - httpx - INFO - HTTP Request: POST https://api.telegram.org/bot8089566253:AAGJSzNBhjgoEK5ZolkgIqH8a8Q99iPuu44/getUpdates "HTTP/1.1 200 OK"
2025-03-29 00:27:24,474 - __main__ - INFO - Новое сообщение от 1723940503: ака
2025-03-29 00:27:24,560 - httpx - INFO - HTTP Request: POST https://api.telegram.org/bot8089566253:AAGJSzNBhjgoEK5ZolkgIqH8a8Q99iPuu44/sendMessage "HTTP/1.1 200 OK"
2025-03-29 00:27:24,635 - httpx - INFO - HTTP Request: POST https://api.telegram.org/bot8089566253:AAGJSzNBhjgoEK5ZolkgIqH8a8Q99iPuu44/deleteMessage "HTTP/1.1 200 OK"
2025-03-29 00:27:24,738 - httpx - INFO - HTTP Request: POST https://api.telegram.org/bot8089566253:AAGJSzNBhjgoEK5ZolkgIqH8a8Q99iPuu44/sendMessage "HTTP/1.1 200 OK"
2025-03-29 00:27:24,739 - __main__ - INFO - Сообщение отправлено в анонимную группу. ID: 2
2025-03-29 00:27:24,861 - httpx - INFO - HTTP Request: POST https://api.telegram.org/bot8089566253:AAGJSzNBhjgoEK5ZolkgIqH8a8Q99iPuu44/forwardMessage "HTTP/1.1 200 OK"
2025-03-29 00:27:24,862 - __main__ - INFO - Сообщение переслано. ID: 2
2025-03-29 00:27:24,965 - httpx - INFO - HTTP Request: POST https://api.telegram.org/bot8089566253:AAGJSzNBhjgoEK5ZolkgIqH8a8Q99iPuu44/sendMessage "HTTP/1.1 200 OK"
2025-03-29 00:27:24,966 - __main__ - INFO - Новое сообщение от 1723940503: как
2025-03-29 00:27:25,137 - httpx - INFO - HTTP Request: POST https://api.telegram.org/bot8089566253:AAGJSzNBhjgoEK5ZolkgIqH8a8Q99iPuu44/sendMessage "HTTP/1.1 200 OK"
2025-03-29 00:27:25,351 - httpx - INFO - HTTP Request: POST https://api.telegram.org/bot8089566253:AAGJSzNBhjgoEK5ZolkgIqH8a8Q99iPuu44/deleteMessage "HTTP/1.1 200 OK"
2025-03-29 00:27:25,549 - httpx - INFO - HTTP Request: POST https://api.telegram.org/bot8089566253:AAGJSzNBhjgoEK5ZolkgIqH8a8Q99iPuu44/sendMessage "HTTP/1.1 200 OK"
2025-03-29 00:27:25,550 - __main__ - INFO - Сообщение отправлено в анонимную группу. ID: 3
2025-03-29 00:27:25,696 - httpx - INFO - HTTP Request: POST https://api.telegram.org/bot8089566253:AAGJSzNBhjgoEK5ZolkgIqH8a8Q99iPuu44/forwardMessage "HTTP/1.1 200 OK"
2025-03-29 00:27:25,697 - __main__ - INFO - Сообщение переслано. ID: 3
2025-03-29 00:27:25,799 - httpx - INFO - HTTP Request: POST https://api.telegram.org/bot8089566253:AAGJSzNBhjgoEK5ZolkgIqH8a8Q99iPuu44/sendMessage "HTTP/1.1 200 OK"
2025-03-29 00:27:25,800 - __main__ - INFO - Новое сообщение от 1723940503: а
2025-03-29 00:27:25,894 - httpx - INFO - HTTP Request: POST https://api.telegram.org/bot8089566253:AAGJSzNBhjgoEK5ZolkgIqH8a8Q99iPuu44/sendMessage "HTTP/1.1 200 OK"
2025-03-29 00:27:25,972 - httpx - INFO - HTTP Request: POST https://api.telegram.org/bot8089566253:AAGJSzNBhjgoEK5ZolkgIqH8a8Q99iPuu44/deleteMessage "HTTP/1.1 200 OK"
2025-03-29 00:27:26,067 - httpx - INFO - HTTP Request: POST https://api.telegram.org/bot8089566253:AAGJSzNBhjgoEK5ZolkgIqH8a8Q99iPuu44/sendMessage "HTTP/1.1 200 OK"
2025-03-29 00:27:26,068 - __main__ - INFO - Сообщение отправлено в анонимную группу. ID: 4
2025-03-29 00:27:26,163 - httpx - INFO - HTTP Request: POST https://api.telegram.org/bot8089566253:AAGJSzNBhjgoEK5ZolkgIqH8a8Q99iPuu44/forwardMessage "HTTP/1.1 200 OK"
2025-03-29 00:27:26,164 - __main__ - INFO - Сообщение переслано. ID: 4
2025-03-29 00:27:26,249 - httpx - INFO - HTTP Request: POST https://api.telegram.org/bot8089566253:AAGJSzNBhjgoEK5ZolkgIqH8a8Q99iPuu44/sendMessage "HTTP/1.1 200 OK"
2025-03-29 00:27:26,250 - __main__ - INFO - Новое сообщение от 1723940503: к\
2025-03-29 00:27:26,337 - httpx - INFO - HTTP Request: POST https://api.telegram.org/bot8089566253:AAGJSzNBhjgoEK5ZolkgIqH8a8Q99iPuu44/sendMessage "HTTP/1.1 200 OK"
2025-03-29 00:27:26,413 - httpx - INFO - HTTP Request: POST https://api.telegram.org/bot8089566253:AAGJSzNBhjgoEK5ZolkgIqH8a8Q99iPuu44/deleteMessage "HTTP/1.1 200 OK"
2025-03-29 00:27:26,510 - httpx - INFO - HTTP Request: POST https://api.telegram.org/bot8089566253:AAGJSzNBhjgoEK5ZolkgIqH8a8Q99iPuu44/sendMessage "HTTP/1.1 200 OK"
2025-03-29 00:27:26,510 - __main__ - INFO - Сообщение отправлено в анонимную группу. ID: 5
2025-03-29 00:27:26,602 - httpx - INFO - HTTP Request: POST https://api.telegram.org/bot8089566253:AAGJSzNBhjgoEK5ZolkgIqH8a8Q99iPuu44/forwardMessage "HTTP/1.1 200 OK"
2025-03-29 00:27:26,603 - __main__ - INFO - Сообщение переслано. ID: 5
2025-03-29 00:27:26,690 - httpx - INFO - HTTP Request: POST https://api.telegram.org/bot8089566253:AAGJSzNBhjgoEK5ZolkgIqH8a8Q99iPuu44/sendMessage "HTTP/1.1 200 OK"
2025-03-29 00:27:34,539 - httpx - INFO - HTTP Request: POST https://api.telegram.org/bot8089566253:AAGJSzNBhjgoEK5ZolkgIqH8a8Q99iPuu44/getUpdates "HTTP/1.1 200 OK"
2025-03-29 00:27:44,361 - httpx - INFO - HTTP Request: POST https://api.telegram.org/bot8089566253:AAGJSzNBhjgoEK5ZolkgIqH8a8Q99iPuu44/getUpdates "HTTP/1.1 200 OK"
2025-03-29 00:27:44,362 - __main__ - INFO - Новое сообщение от 1723940503: ягей
2025-03-29 00:27:44,593 - httpx - INFO - HTTP Request: POST https://api.telegram.org/bot8089566253:AAGJSzNBhjgoEK5ZolkgIqH8a8Q99iPuu44/sendMessage "HTTP/1.1 200 OK"
2025-03-29 00:27:44,666 - httpx - INFO - HTTP Request: POST https://api.telegram.org/bot8089566253:AAGJSzNBhjgoEK5ZolkgIqH8a8Q99iPuu44/deleteMessage "HTTP/1.1 200 OK"
2025-03-29 00:27:44,753 - httpx - INFO - HTTP Request: POST https://api.telegram.org/bot8089566253:AAGJSzNBhjgoEK5ZolkgIqH8a8Q99iPuu44/sendMessage "HTTP/1.1 200 OK"
2025-03-29 00:27:44,754 - __main__ - INFO - Сообщение отправлено в анонимную группу. ID: 6
2025-03-29 00:27:44,923 - httpx - INFO - HTTP Request: POST https://api.telegram.org/bot8089566253:AAGJSzNBhjgoEK5ZolkgIqH8a8Q99iPuu44/forwardMessage "HTTP/1.1 200 OK"
2025-03-29 00:27:44,924 - __main__ - INFO - Сообщение переслано. ID: 6
2025-03-29 00:27:45,095 - httpx - INFO - HTTP Request: POST https://api.telegram.org/bot8089566253:AAGJSzNBhjgoEK5ZolkgIqH8a8Q99iPuu44/sendMessage "HTTP/1.1 200 OK"
2025-03-29 00:27:54,437 - httpx - INFO - HTTP Request: POST https://api.telegram.org/bot8089566253:AAGJSzNBhjgoEK5ZolkgIqH8a8Q99iPuu44/getUpdates "HTTP/1.1 200 OK"
2025-03-29 00:28:04,503 - httpx - INFO - HTTP Request: POST https://api.telegram.org/bot8089566253:AAGJSzNBhjgoEK5ZolkgIqH8a8Q99iPuu44/getUpdates "HTTP/1.1 200 OK"
2025-03-29 00:28:06,425 - httpx - INFO - HTTP Request: POST https://api.telegram.org/bot8089566253:AAGJSzNBhjgoEK5ZolkgIqH8a8Q99iPuu44/getUpdates "HTTP/1.1 200 OK"
2025-03-29 00:28:06,427 - __main__ - INFO - Новое сообщение от 1723940503: Медиа-файл
2025-03-29 00:28:06,644 - httpx - INFO - HTTP Request: POST https://api.telegram.org/bot8089566253:AAGJSzNBhjgoEK5ZolkgIqH8a8Q99iPuu44/sendMessage "HTTP/1.1 200 OK"
2025-03-29 00:28:06,728 - httpx - INFO - HTTP Request: POST https://api.telegram.org/bot8089566253:AAGJSzNBhjgoEK5ZolkgIqH8a8Q99iPuu44/deleteMessage "HTTP/1.1 200 OK"
2025-03-29 00:28:06,820 - httpx - INFO - HTTP Request: POST https://api.telegram.org/bot8089566253:AAGJSzNBhjgoEK5ZolkgIqH8a8Q99iPuu44/sendMessage "HTTP/1.1 200 OK"
2025-03-29 00:28:06,821 - __main__ - INFO - Сообщение отправлено в анонимную группу. ID: 9
2025-03-29 00:28:06,885 - httpx - INFO - HTTP Request: POST https://api.telegram.org/bot8089566253:AAGJSzNBhjgoEK5ZolkgIqH8a8Q99iPuu44/forwardMessage "HTTP/1.1 400 Bad Request"
2025-03-29 00:28:06,886 - __main__ - ERROR - Ошибка Telegram: Message has protected content and can't be forwarded
2025-03-29 00:28:06,975 - httpx - INFO - HTTP Request: POST https://api.telegram.org/bot8089566253:AAGJSzNBhjgoEK5ZolkgIqH8a8Q99iPuu44/sendMessage "HTTP/1.1 200 OK"
2025-03-29 00:28:16,493 - httpx - INFO - HTTP Request: POST https://api.telegram.org/bot8089566253:AAGJSzNBhjgoEK5ZolkgIqH8a8Q99iPuu44/getUpdates "HTTP/1.1 200 OK"
2025-03-29 00:28:18,649 - httpx - INFO - HTTP Request: POST https://api.telegram.org/bot8089566253:AAGJSzNBhjgoEK5ZolkgIqH8a8Q99iPuu44/getUpdates "HTTP/1.1 200 OK"
2025-03-29 00:28:18,650 - __main__ - INFO - Новое сообщение от 1723940503: @skibidibushka_bot
2025-03-29 00:28:18,918 - httpx - INFO - HTTP Request: POST https://api.telegram.org/bot8089566253:AAGJSzNBhjgoEK5ZolkgIqH8a8Q99iPuu44/sendMessage "HTTP/1.1 200 OK"
2025-03-29 00:28:19,033 - httpx - INFO - HTTP Request: POST https://api.telegram.org/bot8089566253:AAGJSzNBhjgoEK5ZolkgIqH8a8Q99iPuu44/deleteMessage "HTTP/1.1 200 OK"
2025-03-29 00:28:19,147 - httpx - INFO - HTTP Request: POST https://api.telegram.org/bot8089566253:AAGJSzNBhjgoEK5ZolkgIqH8a8Q99iPuu44/sendMessage "HTTP/1.1 200 OK"
2025-03-29 00:28:19,148 - __main__ - INFO - Сообщение отправлено в анонимную группу. ID: 13
2025-03-29 00:28:19,209 - httpx - INFO - HTTP Request: POST https://api.telegram.org/bot8089566253:AAGJSzNBhjgoEK5ZolkgIqH8a8Q99iPuu44/forwardMessage "HTTP/1.1 400 Bad Request"
2025-03-29 00:28:19,210 - __main__ - ERROR - Ошибка Telegram: Message has protected content and can't be forwarded
2025-03-29 00:28:19,316 - httpx - INFO - HTTP Request: POST https://api.telegram.org/bot8089566253:AAGJSzNBhjgoEK5ZolkgIqH8a8Q99iPuu44/sendMessage "HTTP/1.1 200 OK"
2025-03-29 00:28:24,865 - httpx - INFO - HTTP Request: POST https://api.telegram.org/bot8089566253:AAGJSzNBhjgoEK5ZolkgIqH8a8Q99iPuu44/getUpdates "HTTP/1.1 200 OK"
2025-03-29 00:28:24,867 - __main__ - INFO - Новое сообщение от 1723940503: иди нахуй
2025-03-29 00:28:25,089 - httpx - INFO - HTTP Request: POST https://api.telegram.org/bot8089566253:AAGJSzNBhjgoEK5ZolkgIqH8a8Q99iPuu44/sendMessage "HTTP/1.1 200 OK"
2025-03-29 00:28:25,182 - httpx - INFO - HTTP Request: POST https://api.telegram.org/bot8089566253:AAGJSzNBhjgoEK5ZolkgIqH8a8Q99iPuu44/deleteMessage "HTTP/1.1 200 OK"
2025-03-29 00:28:25,287 - httpx - INFO - HTTP Request: POST https://api.telegram.org/bot8089566253:AAGJSzNBhjgoEK5ZolkgIqH8a8Q99iPuu44/sendMessage "HTTP/1.1 200 OK"
2025-03-29 00:28:25,288 - __main__ - INFO - Сообщение отправлено в анонимную группу. ID: 17
2025-03-29 00:28:25,345 - httpx - INFO - HTTP Request: POST https://api.telegram.org/bot8089566253:AAGJSzNBhjgoEK5ZolkgIqH8a8Q99iPuu44/forwardMessage "HTTP/1.1 400 Bad Request"
2025-03-29 00:28:25,346 - __main__ - ERROR - Ошибка Telegram: Message has protected content and can't be forwarded
2025-03-29 00:28:25,462 - httpx - INFO - HTTP Request: POST https://api.telegram.org/bot8089566253:AAGJSzNBhjgoEK5ZolkgIqH8a8Q99iPuu44/sendMessage "HTTP/1.1 200 OK"
2025-03-29 00:28:34,933 - httpx - INFO - HTTP Request: POST https://api.telegram.org/bot8089566253:AAGJSzNBhjgoEK5ZolkgIqH8a8Q99iPuu44/getUpdates "HTTP/1.1 200 OK"
2025-03-29 00:28:40,221 - httpx - INFO - HTTP Request: POST https://api.telegram.org/bot8089566253:AAGJSzNBhjgoEK5ZolkgIqH8a8Q99iPuu44/getUpdates "HTTP/1.1 200 OK"
2025-03-29 00:28:40,222 - __main__ - INFO - Новое сообщение от 1723940503: В БОТА ПИШИ СЮАД НИЧЕГО НЕ ПИШИ @rizzova1
2025-03-29 00:28:40,459 - httpx - INFO - HTTP Request: POST https://api.telegram.org/bot8089566253:AAGJSzNBhjgoEK5ZolkgIqH8a8Q99iPuu44/sendMessage "HTTP/1.1 200 OK"
2025-03-29 00:28:40,542 - httpx - INFO - HTTP Request: POST https://api.telegram.org/bot8089566253:AAGJSzNBhjgoEK5ZolkgIqH8a8Q99iPuu44/deleteMessage "HTTP/1.1 200 OK"
2025-03-29 00:28:40,657 - httpx - INFO - HTTP Request: POST https://api.telegram.org/bot8089566253:AAGJSzNBhjgoEK5ZolkgIqH8a8Q99iPuu44/sendMessage "HTTP/1.1 200 OK"
2025-03-29 00:28:40,658 - __main__ - INFO - Сообщение отправлено в анонимную группу. ID: 21
2025-03-29 00:28:40,719 - httpx - INFO - HTTP Request: POST https://api.telegram.org/bot8089566253:AAGJSzNBhjgoEK5ZolkgIqH8a8Q99iPuu44/forwardMessage "HTTP/1.1 400 Bad Request"
2025-03-29 00:28:40,720 - __main__ - ERROR - Ошибка Telegram: Message has protected content and can't be forwarded
2025-03-29 00:28:40,816 - httpx - INFO - HTTP Request: POST https://api.telegram.org/bot8089566253:AAGJSzNBhjgoEK5ZolkgIqH8a8Q99iPuu44/sendMessage "HTTP/1.1 200 OK"
2025-03-29 00:28:50,288 - httpx - INFO - HTTP Request: POST https://api.telegram.org/bot8089566253:AAGJSzNBhjgoEK5ZolkgIqH8a8Q99iPuu44/getUpdates "HTTP/1.1 200 OK"
2025-03-29 00:29:00,353 - httpx - INFO - HTTP Request: POST https://api.telegram.org/bot8089566253:AAGJSzNBhjgoEK5ZolkgIqH8a8Q99iPuu44/getUpdates "HTTP/1.1 200 OK"
2025-03-29 00:29:10,419 - httpx - INFO - HTTP Request: POST https://api.telegram.org/bot8089566253:AAGJSzNBhjgoEK5ZolkgIqH8a8Q99iPuu44/getUpdates "HTTP/1.1 200 OK"
2025-03-29 00:29:20,486 - httpx - INFO - HTTP Request: POST https://api.telegram.org/bot8089566253:AAGJSzNBhjgoEK5ZolkgIqH8a8Q99iPuu44/getUpdates "HTTP/1.1 200 OK"
2025-03-29 00:29:30,551 - httpx - INFO - HTTP Request: POST https://api.telegram.org/bot8089566253:AAGJSzNBhjgoEK5ZolkgIqH8a8Q99iPuu44/getUpdates "HTTP/1.1 200 OK"
2025-03-29 00:29:40,616 - httpx - INFO - HTTP Request: POST https://api.telegram.org/bot8089566253:AAGJSzNBhjgoEK5ZolkgIqH8a8Q99iPuu44/getUpdates "HTTP/1.1 200 OK"
2025-03-29 00:29:50,681 - httpx - INFO - HTTP Request: POST https://api.telegram.org/bot8089566253:AAGJSzNBhjgoEK5ZolkgIqH8a8Q99iPuu44/getUpdates "HTTP/1.1 200 OK"
2025-03-29 00:30:00,747 - httpx - INFO - HTTP Request: POST https://api.telegram.org/bot8089566253:AAGJSzNBhjgoEK5ZolkgIqH8a8Q99iPuu44/getUpdates "HTTP/1.1 200 OK"
2025-03-29 00:30:10,813 - httpx - INFO - HTTP Request: POST https://api.telegram.org/bot8089566253:AAGJSzNBhjgoEK5ZolkgIqH8a8Q99iPuu44/getUpdates "HTTP/1.1 200 OK"
2025-03-29 00:30:20,895 - httpx - INFO - HTTP Request: POST https://api.telegram.org/bot8089566253:AAGJSzNBhjgoEK5ZolkgIqH8a8Q99iPuu44/getUpdates "HTTP/1.1 200 OK"
2025-03-29 00:30:30,962 - httpx - INFO - HTTP Request: POST https://api.telegram.org/bot8089566253:AAGJSzNBhjgoEK5ZolkgIqH8a8Q99iPuu44/getUpdates "HTTP/1.1 200 OK"
2025-03-29 00:30:41,027 - httpx - INFO - HTTP Request: POST https://api.telegram.org/bot8089566253:AAGJSzNBhjgoEK5ZolkgIqH8a8Q99iPuu44/getUpdates "HTTP/1.1 200 OK"
2025-03-29 00:30:51,093 - httpx - INFO - HTTP Request: POST https://api.telegram.org/bot8089566253:AAGJSzNBhjgoEK5ZolkgIqH8a8Q99iPuu44/getUpdates "HTTP/1.1 200 OK"
2025-03-29 00:31:01,158 - httpx - INFO - HTTP Request: POST https://api.telegram.org/bot8089566253:AAGJSzNBhjgoEK5ZolkgIqH8a8Q99iPuu44/getUpdates "HTTP/1.1 200 OK"
2025-03-29 00:31:11,228 - httpx - INFO - HTTP Request: POST https://api.telegram.org/bot8089566253:AAGJSzNBhjgoEK5ZolkgIqH8a8Q99iPuu44/getUpdates "HTTP/1.1 200 OK"
2025-03-29 00:31:21,319 - httpx - INFO - HTTP Request: POST https://api.telegram.org/bot8089566253:AAGJSzNBhjgoEK5ZolkgIqH8a8Q99iPuu44/getUpdates "HTTP/1.1 200 OK"
2025-03-29 00:31:31,396 - httpx - INFO - HTTP Request: POST https://api.telegram.org/bot8089566253:AAGJSzNBhjgoEK5ZolkgIqH8a8Q99iPuu44/getUpdates "HTTP/1.1 200 OK"
2025-03-29 00:31:41,461 - httpx - INFO - HTTP Request: POST https://api.telegram.org/bot8089566253:AAGJSzNBhjgoEK5ZolkgIqH8a8Q99iPuu44/getUpdates "HTTP/1.1 200 OK"
2025-03-29 00:31:51,532 - httpx - INFO - HTTP Request: POST https://api.telegram.org/bot8089566253:AAGJSzNBhjgoEK5ZolkgIqH8a8Q99iPuu44/getUpdates "HTTP/1.1 200 OK"
2025-03-29 00:32:01,598 - httpx - INFO - HTTP Request: POST https://api.telegram.org/bot8089566253:AAGJSzNBhjgoEK5ZolkgIqH8a8Q99iPuu44/getUpdates "HTTP/1.1 200 OK"
2025-03-29 00:32:11,663 - httpx - INFO - HTTP Request: POST https://api.telegram.org/bot8089566253:AAGJSzNBhjgoEK5ZolkgIqH8a8Q99iPuu44/getUpdates "HTTP/1.1 200 OK"
2025-03-29 00:32:21,739 - httpx - INFO - HTTP Request: POST https://api.telegram.org/bot8089566253:AAGJSzNBhjgoEK5ZolkgIqH8a8Q99iPuu44/getUpdates "HTTP/1.1 200 OK"
2025-03-29 00:32:31,816 - httpx - INFO - HTTP Request: POST https://api.telegram.org/bot8089566253:AAGJSzNBhjgoEK5ZolkgIqH8a8Q99iPuu44/getUpdates "HTTP/1.1 200 OK"
2025-03-29 00:32:41,884 - httpx - INFO - HTTP Request: POST https://api.telegram.org/bot8089566253:AAGJSzNBhjgoEK5ZolkgIqH8a8Q99iPuu44/getUpdates "HTTP/1.1 200 OK"
2025-03-29 00:32:51,949 - httpx - INFO - HTTP Request: POST https://api.telegram.org/bot8089566253:AAGJSzNBhjgoEK5ZolkgIqH8a8Q99iPuu44/getUpdates "HTTP/1.1 200 OK"
2025-03-29 00:33:02,016 - httpx - INFO - HTTP Request: POST https://api.telegram.org/bot8089566253:AAGJSzNBhjgoEK5ZolkgIqH8a8Q99iPuu44/getUpdates "HTTP/1.1 200 OK"
2025-03-29 00:33:12,082 - httpx - INFO - HTTP Request: POST https://api.telegram.org/bot8089566253:AAGJSzNBhjgoEK5ZolkgIqH8a8Q99iPuu44/getUpdates "HTTP/1.1 200 OK"
2025-03-29 00:33:22,148 - httpx - INFO - HTTP Request: POST https://api.telegram.org/bot8089566253:AAGJSzNBhjgoEK5ZolkgIqH8a8Q99iPuu44/getUpdates "HTTP/1.1 200 OK"
2025-03-29 00:33:32,223 - httpx - INFO - HTTP Request: POST https://api.telegram.org/bot8089566253:AAGJSzNBhjgoEK5ZolkgIqH8a8Q99iPuu44/getUpdates "HTTP/1.1 200 OK"
2025-03-29 00:33:42,290 - httpx - INFO - HTTP Request: POST https://api.telegram.org/bot8089566253:AAGJSzNBhjgoEK5ZolkgIqH8a8Q99iPuu44/getUpdates "HTTP/1.1 200 OK"
2025-03-29 00:33:52,357 - httpx - INFO - HTTP Request: POST https://api.telegram.org/bot8089566253:AAGJSzNBhjgoEK5ZolkgIqH8a8Q99iPuu44/getUpdates "HTTP/1.1 200 OK"
2025-03-29 00:34:02,424 - httpx - INFO - HTTP Request: POST https://api.telegram.org/bot8089566253:AAGJSzNBhjgoEK5ZolkgIqH8a8Q99iPuu44/getUpdates "HTTP/1.1 200 OK"
2025-03-29 00:34:12,489 - httpx - INFO - HTTP Request: POST https://api.telegram.org/bot8089566253:AAGJSzNBhjgoEK5ZolkgIqH8a8Q99iPuu44/getUpdates "HTTP/1.1 200 OK"
2025-03-29 00:34:22,577 - httpx - INFO - HTTP Request: POST https://api.telegram.org/bot8089566253:AAGJSzNBhjgoEK5ZolkgIqH8a8Q99iPuu44/getUpdates "HTTP/1.1 200 OK"
2025-03-29 00:34:32,643 - httpx - INFO - HTTP Request: POST https://api.telegram.org/bot8089566253:AAGJSzNBhjgoEK5ZolkgIqH8a8Q99iPuu44/getUpdates "HTTP/1.1 200 OK"
2025-03-29 00:34:42,712 - httpx - INFO - HTTP Request: POST https://api.telegram.org/bot8089566253:AAGJSzNBhjgoEK5ZolkgIqH8a8Q99iPuu44/getUpdates "HTTP/1.1 200 OK"
2025-03-29 00:34:52,777 - httpx - INFO - HTTP Request: POST https://api.telegram.org/bot8089566253:AAGJSzNBhjgoEK5ZolkgIqH8a8Q99iPuu44/getUpdates "HTTP/1.1 200 OK"
2025-03-29 00:35:02,851 - httpx - INFO - HTTP Request: POST https://api.telegram.org/bot8089566253:AAGJSzNBhjgoEK5ZolkgIqH8a8Q99iPuu44/getUpdates "HTTP/1.1 200 OK"
2025-03-29 00:35:12,917 - httpx - INFO - HTTP Request: POST https://api.telegram.org/bot8089566253:AAGJSzNBhjgoEK5ZolkgIqH8a8Q99iPuu44/getUpdates "HTTP/1.1 200 OK"
2025-03-29 00:35:22,982 - httpx - INFO - HTTP Request: POST https://api.telegram.org/bot8089566253:AAGJSzNBhjgoEK5ZolkgIqH8a8Q99iPuu44/getUpdates "HTTP/1.1 200 OK"
2025-03-29 00:35:33,050 - httpx - INFO - HTTP Request: POST https://api.telegram.org/bot8089566253:AAGJSzNBhjgoEK5ZolkgIqH8a8Q99iPuu44/getUpdates "HTTP/1.1 200 OK"
2025-03-29 00:35:43,116 - httpx - INFO - HTTP Request: POST https://api.telegram.org/bot8089566253:AAGJSzNBhjgoEK5ZolkgIqH8a8Q99iPuu44/getUpdates "HTTP/1.1 200 OK"
2025-03-29 00:35:53,185 - httpx - INFO - HTTP Request: POST https://api.telegram.org/bot8089566253:AAGJSzNBhjgoEK5ZolkgIqH8a8Q99iPuu44/getUpdates "HTTP/1.1 200 OK"
2025-03-29 00:36:03,250 - httpx - INFO - HTTP Request: POST https://api.telegram.org/bot8089566253:AAGJSzNBhjgoEK5ZolkgIqH8a8Q99iPuu44/getUpdates "HTTP/1.1 200 OK"
2025-03-29 00:36:13,315 - httpx - INFO - HTTP Request: POST https://api.telegram.org/bot8089566253:AAGJSzNBhjgoEK5ZolkgIqH8a8Q99iPuu44/getUpdates "HTTP/1.1 200 OK"
2025-03-29 00:36:23,381 - httpx - INFO - HTTP Request: POST https://api.telegram.org/bot8089566253:AAGJSzNBhjgoEK5ZolkgIqH8a8Q99iPuu44/getUpdates "HTTP/1.1 200 OK"
2025-03-29 00:36:33,468 - httpx - INFO - HTTP Request: POST https://api.telegram.org/bot8089566253:AAGJSzNBhjgoEK5ZolkgIqH8a8Q99iPuu44/getUpdates "HTTP/1.1 200 OK"
2025-03-29 00:36:43,547 - httpx - INFO - HTTP Request: POST https://api.telegram.org/bot8089566253:AAGJSzNBhjgoEK5ZolkgIqH8a8Q99iPuu44/getUpdates "HTTP/1.1 200 OK"
2025-03-29 00:36:53,622 - httpx - INFO - HTTP Request: POST https://api.telegram.org/bot8089566253:AAGJSzNBhjgoEK5ZolkgIqH8a8Q99iPuu44/getUpdates "HTTP/1.1 200 OK"
2025-03-29 00:37:03,690 - httpx - INFO - HTTP Request: POST https://api.telegram.org/bot8089566253:AAGJSzNBhjgoEK5ZolkgIqH8a8Q99iPuu44/getUpdates "HTTP/1.1 200 OK"
2025-03-29 00:37:13,758 - httpx - INFO - HTTP Request: POST https://api.telegram.org/bot8089566253:AAGJSzNBhjgoEK5ZolkgIqH8a8Q99iPuu44/getUpdates "HTTP/1.1 200 OK"
2025-03-29 00:37:23,823 - httpx - INFO - HTTP Request: POST https://api.telegram.org/bot8089566253:AAGJSzNBhjgoEK5ZolkgIqH8a8Q99iPuu44/getUpdates "HTTP/1.1 200 OK"
2025-03-29 00:37:33,903 - httpx - INFO - HTTP Request: POST https://api.telegram.org/bot8089566253:AAGJSzNBhjgoEK5ZolkgIqH8a8Q99iPuu44/getUpdates "HTTP/1.1 200 OK"
2025-03-29 00:37:43,968 - httpx - INFO - HTTP Request: POST https://api.telegram.org/bot8089566253:AAGJSzNBhjgoEK5ZolkgIqH8a8Q99iPuu44/getUpdates "HTTP/1.1 200 OK"
2025-03-29 00:37:54,039 - httpx - INFO - HTTP Request: POST https://api.telegram.org/bot8089566253:AAGJSzNBhjgoEK5ZolkgIqH8a8Q99iPuu44/getUpdates "HTTP/1.1 200 OK"
2025-03-29 00:38:04,103 - httpx - INFO - HTTP Request: POST https://api.telegram.org/bot8089566253:AAGJSzNBhjgoEK5ZolkgIqH8a8Q99iPuu44/getUpdates "HTTP/1.1 200 OK"
2025-03-29 00:38:14,170 - httpx - INFO - HTTP Request: POST https://api.telegram.org/bot8089566253:AAGJSzNBhjgoEK5ZolkgIqH8a8Q99iPuu44/getUpdates "HTTP/1.1 200 OK"
2025-03-29 00:38:24,235 - httpx - INFO - HTTP Request: POST https://api.telegram.org/bot8089566253:AAGJSzNBhjgoEK5ZolkgIqH8a8Q99iPuu44/getUpdates "HTTP/1.1 200 OK"
2025-03-29 00:38:34,315 - httpx - INFO - HTTP Request: POST https://api.telegram.org/bot8089566253:AAGJSzNBhjgoEK5ZolkgIqH8a8Q99iPuu44/getUpdates "HTTP/1.1 200 OK"
2025-03-29 00:38:44,381 - httpx - INFO - HTTP Request: POST https://api.telegram.org/bot8089566253:AAGJSzNBhjgoEK5ZolkgIqH8a8Q99iPuu44/getUpdates "HTTP/1.1 200 OK"
2025-03-29 00:38:54,447 - httpx - INFO - HTTP Request: POST https://api.telegram.org/bot8089566253:AAGJSzNBhjgoEK5ZolkgIqH8a8Q99iPuu44/getUpdates "HTTP/1.1 200 OK"
2025-03-29 00:39:04,513 - httpx - INFO - HTTP Request: POST https://api.telegram.org/bot8089566253:AAGJSzNBhjgoEK5ZolkgIqH8a8Q99iPuu44/getUpdates "HTTP/1.1 200 OK"
2025-03-29 00:39:14,581 - httpx - INFO - HTTP Request: POST https://api.telegram.org/bot8089566253:AAGJSzNBhjgoEK5ZolkgIqH8a8Q99iPuu44/getUpdates "HTTP/1.1 200 OK"
2025-03-29 00:39:24,646 - httpx - INFO - HTTP Request: POST https://api.telegram.org/bot8089566253:AAGJSzNBhjgoEK5ZolkgIqH8a8Q99iPuu44/getUpdates "HTTP/1.1 200 OK"
2025-03-29 00:39:34,712 - httpx - INFO - HTTP Request: POST https://api.telegram.org/bot8089566253:AAGJSzNBhjgoEK5ZolkgIqH8a8Q99iPuu44/getUpdates "HTTP/1.1 200 OK"
2025-03-29 00:39:44,778 - httpx - INFO - HTTP Request: POST https://api.telegram.org/bot8089566253:AAGJSzNBhjgoEK5ZolkgIqH8a8Q99iPuu44/getUpdates "HTTP/1.1 200 OK"
2025-03-29 00:39:54,843 - httpx - INFO - HTTP Request: POST https://api.telegram.org/bot8089566253:AAGJSzNBhjgoEK5ZolkgIqH8a8Q99iPuu44/getUpdates "HTTP/1.1 200 OK"
2025-03-29 00:40:04,914 - httpx - INFO - HTTP Request: POST https://api.telegram.org/bot8089566253:AAGJSzNBhjgoEK5ZolkgIqH8a8Q99iPuu44/getUpdates "HTTP/1.1 200 OK"
2025-03-29 00:40:14,980 - httpx - INFO - HTTP Request: POST https://api.telegram.org/bot8089566253:AAGJSzNBhjgoEK5ZolkgIqH8a8Q99iPuu44/getUpdates "HTTP/1.1 200 OK"
